2026-06-27 23:41:07,749 [INFO] root: Файл открыт
2026-06-27 23:44:03,378 [INFO] root: Файл открыт
2026-06-27 23:44:03,421 [INFO] root: Получаю заголовки
2026-06-27 23:44:04,422 [INFO] root: Заголовки успешно получены
2026-06-27 23:44:04,423 [INFO] root: Обрабатываю данные по команде 1
2026-06-27 23:44:04,423 [INFO] root: Обрабатываю данные по команде 1
2026-06-27 23:44:04,424 [INFO] root: Обрабатываю данные по команде 1
2026-06-27 23:44:04,424 [INFO] root: Обрабатываю данные по команде 1
2026-06-27 23:44:04,424 [INFO] root: Обрабатываю данные по команде 1
2026-06-27 23:44:04,424 [INFO] root: Обрабатываю данные по команде 1
2026-06-27 23:44:04,424 [INFO] root: Обрабатываю данные по команде 1
2026-06-27 23:44:04,425 [INFO] root: Обрабатываю данные по команде 1
2026-06-27 23:44:04,425 [INFO] root: Обрабатываю данные по команде 1
2026-06-27 23:44:04,425 [INFO] root: Обрабатываю данные по команде 1
2026-06-27 23:44:04,425 [INFO] root: Обрабатываю данные по команде 1
2026-06-27 23:44:04,425 [INFO] root: Обрабатываю данные по команде 1
2026-06-27 23:44:04,425 [INFO] root: Обрабатываю данные по команде 1
2026-06-27 23:44:04,425 [INFO] root: Обрабатываю данные по команде 1
2026-06-27 23:44:04,426 [INFO] root: Обрабатываю данные по команде 1
2026-06-27 23:44:04,426 [INFO] root: Обрабатываю данные по команде 1
2026-06-27 23:44:04,426 [INFO] root: Закончили работу
2026-06-27 23:44:45,879 [INFO] root: Файл открыт
2026-06-27 23:44:45,924 [INFO] root: Получаю заголовки
2026-06-27 23:44:46,925 [INFO] root: Заголовки успешно получены
2026-06-27 23:44:46,926 [INFO] root: Обрабатываю данные по команде 1
2026-06-27 23:44:55,029 [INFO] root: Файл открыт
2026-06-27 23:44:55,074 [INFO] root: Получаю заголовки
2026-06-27 23:44:56,074 [INFO] root: Заголовки успешно получены
2026-06-27 23:44:56,075 [INFO] root: Обрабатываю данные по команде 1
2026-06-27 23:46:39,065 [INFO] root: Файл открыт
2026-06-27 23:46:39,108 [INFO] root: Получаю заголовки
2026-06-27 23:46:40,109 [INFO] root: Заголовки успешно получены
2026-06-27 23:46:40,110 [INFO] root: Обрабатываю данные по команде 1
2026-06-27 23:46:42,110 [INFO] root: Обрабатываю данные по команде 2
2026-06-27 23:46:44,112 [INFO] root: Обрабатываю данные по команде 3
2026-06-27 23:46:45,113 [INFO] root: Обрабатываю данные по команде 4
2026-06-27 23:46:48,113 [INFO] root: Обрабатываю данные по команде 5
2026-06-27 23:46:50,115 [INFO] root: Обрабатываю данные по команде 6
2026-06-27 23:46:52,115 [INFO] root: Обрабатываю данные по команде 7
2026-06-27 23:46:54,116 [INFO] root: Обрабатываю данные по команде 8
2026-06-27 23:46:56,117 [INFO] root: Обрабатываю данные по команде 9
2026-06-27 23:46:59,118 [INFO] root: Обрабатываю данные по команде 10
2026-06-27 23:47:00,118 [INFO] root: Обрабатываю данные по команде 11
2026-06-27 23:47:03,121 [INFO] root: Обрабатываю данные по команде 12
2026-06-27 23:47:07,122 [INFO] root: Обрабатываю данные по команде 13
2026-06-27 23:47:08,123 [INFO] root: Обрабатываю данные по команде 14
2026-06-27 23:47:09,124 [INFO] root: Обрабатываю данные по команде 15
2026-06-27 23:47:12,125 [INFO] root: Обрабатываю данные по команде 16
2026-06-27 23:47:15,132 [INFO] root: Закончили работу
